[0m19:56:54.996527 [debug] [MainThread]: Sending event: {'category': 'dbt', 'action': 'invocation', 'label': 'start', 'context': [<snowplow_tracker.self_describing_json.SelfDescribingJson object at 0x110f29400>, <snowplow_tracker.self_describing_json.SelfDescribingJson object at 0x115603d90>, <snowplow_tracker.self_describing_json.SelfDescribingJson object at 0x115603ed0>]}


============================== 19:56:55.018968 | 9a50aea7-57b7-4ca6-9ea9-25488ecc3d90 ==============================
[0m19:56:55.018968 [info ] [MainThread]: Running with dbt=1.11.6
[0m19:56:55.019312 [debug] [MainThread]: running dbt with arguments {'send_anonymous_usage_stats': 'True', 'empty': 'None', 'write_json': 'True', 'debug': 'False', 'use_experimental_parser': 'False', 'log_cache_events': 'False', 'use_colors': 'True', 'printer_width': '80', 'partial_parse': 'True', 'warn_error_options': 'WarnErrorOptionsV2(error=[], warn=[], silence=[])', 'log_path': 'logs', 'quiet': 'False', 'cache_selected_only': 'False', 'profiles_dir': '/Users/victoria/.dbt', 'version_check': 'True', 'fail_fast': 'False', 'no_print': 'None', 'introspect': 'True', 'static_parser': 'True', 'indirect_selection': 'eager', 'log_format': 'default', 'warn_error': 'None', 'invocation_command': 'dbt init taxi_rides_ny', 'target_path': 'None'}
[0m19:56:55.055404 [info ] [MainThread]: Creating dbt configuration folder at /Users/victoria/.dbt
[0m19:56:55.056903 [debug] [MainThread]: Starter project path: /Users/victoria/Documents/projects/gcp-data-pipelines/04-analytics-engineering/.venv/lib/python3.13/site-packages/dbt/include/starter_project
[0m19:56:55.060535 [info ] [MainThread]: 
Your new dbt project "taxi_rides_ny" was created!

For more information on how to configure the profiles.yml file,
please consult the dbt documentation here:

  https://docs.getdbt.com/docs/configure-your-profile

One more thing:

Need help? Don't hesitate to reach out to us via GitHub issues or on Slack:

  https://community.getdbt.com/

Happy modeling!

[0m19:56:55.060745 [info ] [MainThread]: Setting up your profile.
[0m20:20:13.723287 [info ] [MainThread]: Profile taxi_rides_ny written to /Users/victoria/.dbt/profiles.yml using target's profile_template.yml and your supplied values. Run 'dbt debug' to validate the connection.
[0m20:20:13.755513 [debug] [MainThread]: Resource report: {"command_name": "init", "command_success": true, "command_wall_clock_time": 1398.8524, "process_in_blocks": "0", "process_kernel_time": 1.882346, "process_mem_max_rss": "456556544", "process_out_blocks": "0", "process_user_time": 8.900782}
[0m20:20:13.759094 [debug] [MainThread]: Command `dbt init` succeeded at 20:20:13.758828 after 1398.86 seconds
[0m20:20:13.760322 [debug] [MainThread]: Sending event: {'category': 'dbt', 'action': 'invocation', 'label': 'end', 'context': [<snowplow_tracker.self_describing_json.SelfDescribingJson object at 0x1660b62c0>, <snowplow_tracker.self_describing_json.SelfDescribingJson object at 0x11553ae70>, <snowplow_tracker.self_describing_json.SelfDescribingJson object at 0x16d7de690>]}
[0m20:20:13.761216 [debug] [MainThread]: Flushing usage events
[0m20:20:14.386596 [debug] [MainThread]: An error was encountered while trying to flush usage events
[0m20:30:12.890655 [debug] [MainThread]: Sending event: {'category': 'dbt', 'action': 'invocation', 'label': 'start', 'context': [<snowplow_tracker.self_describing_json.SelfDescribingJson object at 0x111504c20>, <snowplow_tracker.self_describing_json.SelfDescribingJson object at 0x1134ff890>, <snowplow_tracker.self_describing_json.SelfDescribingJson object at 0x1134ff9d0>]}


============================== 20:30:12.894475 | cd07b172-5082-42b8-905b-c7284c201412 ==============================
[0m20:30:12.894475 [info ] [MainThread]: Running with dbt=1.11.6
[0m20:30:12.894822 [debug] [MainThread]: running dbt with arguments {'warn_error_options': 'WarnErrorOptionsV2(error=[], warn=[], silence=[])', 'invocation_command': 'dbt debug --config-dir', 'log_format': 'default', 'fail_fast': 'False', 'target_path': 'None', 'indirect_selection': 'eager', 'write_json': 'True', 'log_path': 'logs', 'no_print': 'None', 'version_check': 'True', 'empty': 'None', 'printer_width': '80', 'use_experimental_parser': 'False', 'log_cache_events': 'False', 'warn_error': 'None', 'static_parser': 'True', 'partial_parse': 'True', 'quiet': 'False', 'introspect': 'True', 'send_anonymous_usage_stats': 'True', 'use_colors': 'True', 'profiles_dir': '/Users/victoria/.dbt', 'cache_selected_only': 'False', 'debug': 'False'}
[0m20:30:12.906392 [info ] [MainThread]: To view your profiles.yml file, run:

open /Users/victoria/.dbt
[0m20:30:12.908058 [debug] [MainThread]: Resource report: {"command_name": "debug", "command_success": true, "command_wall_clock_time": 0.0574275, "process_in_blocks": "0", "process_kernel_time": 0.121617, "process_mem_max_rss": "106299392", "process_out_blocks": "0", "process_user_time": 0.691135}
[0m20:30:12.908519 [debug] [MainThread]: Command `dbt debug` succeeded at 20:30:12.908442 after 0.06 seconds
[0m20:30:12.908728 [debug] [MainThread]: Sending event: {'category': 'dbt', 'action': 'invocation', 'label': 'end', 'context': [<snowplow_tracker.self_describing_json.SelfDescribingJson object at 0x11350e9e0>, <snowplow_tracker.self_describing_json.SelfDescribingJson object at 0x113539d90>, <snowplow_tracker.self_describing_json.SelfDescribingJson object at 0x113578e20>]}
[0m20:30:12.908927 [debug] [MainThread]: Flushing usage events
[0m20:30:13.803140 [debug] [MainThread]: An error was encountered while trying to flush usage events
